*** Starting uWSGI 2.0.18 (64bit) on [Mon Jan 27 18:54:24 2020] ***
compiled with version: 4.8.5 20150623 (Red Hat 4.8.5-39) on 20 January 2020 00:20:12
os: Linux-3.10.0-1062.9.1.el7.x86_64 #1 SMP Fri Dec 6 15:49:49 UTC 2019
nodename: iZm5ehhwq52iu5oqii2ew5Z
machine: x86_64
clock source: unix
pcre jit disabled
detected number of CPU cores: 1
current working directory: /data/wwwroot/mysite
detected binary path: /data/env/pyweb/bin/uwsgi
uWSGI running as root, you can use --uid/--gid/--chroot options
*** WARNING: you are running uWSGI as root !!! (use the --uid flag) *** 
chdir() to /data/wwwroot/mysite/
*** WARNING: you are running uWSGI without its master process manager ***
your processes number limit is 3882
your memory page size is 4096 bytes
detected max file descriptor number: 65535
lock engine: pthread robust mutexes
thunder lock: disabled (you can enable it with --thunder-lock)
uwsgi socket 0 bound to TCP address 127.0.0.1:8997 fd 3
uWSGI running as root, you can use --uid/--gid/--chroot options
*** WARNING: you are running uWSGI as root !!! (use the --uid flag) *** 
Python version: 3.7.4 (default, Jan 19 2020, 23:02:45)  [GCC 4.8.5 20150623 (Red Hat 4.8.5-39)]
*** Python threads support is disabled. You can enable it with --enable-threads ***
Python main interpreter initialized at 0xbc2be0
uWSGI running as root, you can use --uid/--gid/--chroot options
*** WARNING: you are running uWSGI as root !!! (use the --uid flag) *** 
your server socket listen backlog is limited to 100 connections
your mercy for graceful operations on workers is 60 seconds
mapped 291680 bytes (284 KB) for 4 cores
*** Operational MODE: preforking ***
WSGI app 0 (mountpoint='') ready in 2 seconds on interpreter 0xbc2be0 pid: 20247 (default app)
uWSGI running as root, you can use --uid/--gid/--chroot options
*** WARNING: you are running uWSGI as root !!! (use the --uid flag) *** 
*** uWSGI is running in multiple interpreter mode ***
spawned uWSGI worker 1 (pid: 20247, cores: 1)
spawned uWSGI worker 2 (pid: 20279, cores: 1)
spawned uWSGI worker 3 (pid: 20280, cores: 1)
spawned uWSGI worker 4 (pid: 20281, cores: 1)
[pid: 20279|app: 0|req: 1/1] 121.58.16.29 () {42 vars in 814 bytes} [Mon Jan 27 18:54:49 2020] GET /favicon.ico => generated 77 bytes in 64 msecs (HTTP/1.1 404) 3 headers in 100 bytes (1 switches on core 0)
[pid: 20281|app: 0|req: 1/2] 121.58.16.29 () {44 vars in 824 bytes} [Mon Jan 27 18:54:51 2020] GET / => generated 27 bytes in 622 msecs (HTTP/1.1 500) 4 headers in 126 bytes (1 switches on core 0)
[pid: 20279|app: 0|req: 2/3] 121.58.16.29 () {36 vars in 607 bytes} [Mon Jan 27 18:54:52 2020] GET /favicon.ico => generated 77 bytes in 1 msecs (HTTP/1.1 404) 3 headers in 100 bytes (1 switches on core 0)
[pid: 20279|app: 0|req: 3/4] 180.163.220.3 () {42 vars in 897 bytes} [Mon Jan 27 18:55:04 2020] GET / => generated 27 bytes in 87 msecs (HTTP/1.1 500) 4 headers in 126 bytes (1 switches on core 0)
[pid: 20281|app: 0|req: 2/5] 180.163.220.5 () {48 vars in 983 bytes} [Mon Jan 27 18:55:04 2020] GET / => generated 27 bytes in 35 msecs (HTTP/1.1 500) 4 headers in 126 bytes (1 switches on core 0)
[pid: 20279|app: 0|req: 4/6] 180.163.220.68 () {42 vars in 897 bytes} [Mon Jan 27 18:55:08 2020] GET / => generated 27 bytes in 35 msecs (HTTP/1.1 500) 4 headers in 126 bytes (1 switches on core 0)
[pid: 20281|app: 0|req: 3/7] 180.163.220.66 () {48 vars in 984 bytes} [Mon Jan 27 18:55:08 2020] GET / => generated 27 bytes in 34 msecs (HTTP/1.1 500) 4 headers in 126 bytes (1 switches on core 0)
[pid: 20279|app: 0|req: 5/8] 121.58.16.29 () {44 vars in 824 bytes} [Mon Jan 27 18:55:46 2020] GET / => generated 27 bytes in 35 msecs (HTTP/1.1 500) 4 headers in 126 bytes (1 switches on core 0)
*** Starting uWSGI 2.0.18 (64bit) on [Mon Jan 27 18:56:11 2020] ***
compiled with version: 4.8.5 20150623 (Red Hat 4.8.5-39) on 20 January 2020 00:20:12
os: Linux-3.10.0-1062.9.1.el7.x86_64 #1 SMP Fri Dec 6 15:49:49 UTC 2019
nodename: iZm5ehhwq52iu5oqii2ew5Z
machine: x86_64
clock source: unix
pcre jit disabled
detected number of CPU cores: 1
current working directory: /data/wwwroot/mysite
detected binary path: /data/env/pyweb/bin/uwsgi
uWSGI running as root, you can use --uid/--gid/--chroot options
*** WARNING: you are running uWSGI as root !!! (use the --uid flag) *** 
chdir() to /data/wwwroot/mysite/
*** WARNING: you are running uWSGI without its master process manager ***
your processes number limit is 3882
your memory page size is 4096 bytes
detected max file descriptor number: 65535
lock engine: pthread robust mutexes
thunder lock: disabled (you can enable it with --thunder-lock)
uwsgi socket 0 bound to TCP address 127.0.0.1:8997 fd 3
uWSGI running as root, you can use --uid/--gid/--chroot options
*** WARNING: you are running uWSGI as root !!! (use the --uid flag) *** 
Python version: 3.7.4 (default, Jan 19 2020, 23:02:45)  [GCC 4.8.5 20150623 (Red Hat 4.8.5-39)]
*** Python threads support is disabled. You can enable it with --enable-threads ***
Python main interpreter initialized at 0x20c5be0
uWSGI running as root, you can use --uid/--gid/--chroot options
*** WARNING: you are running uWSGI as root !!! (use the --uid flag) *** 
your server socket listen backlog is limited to 100 connections
your mercy for graceful operations on workers is 60 seconds
mapped 291680 bytes (284 KB) for 4 cores
*** Operational MODE: preforking ***
WSGI app 0 (mountpoint='') ready in 0 seconds on interpreter 0x20c5be0 pid: 20413 (default app)
uWSGI running as root, you can use --uid/--gid/--chroot options
*** WARNING: you are running uWSGI as root !!! (use the --uid flag) *** 
*** uWSGI is running in multiple interpreter mode ***
spawned uWSGI worker 1 (pid: 20413, cores: 1)
spawned uWSGI worker 2 (pid: 20414, cores: 1)
spawned uWSGI worker 3 (pid: 20415, cores: 1)
spawned uWSGI worker 4 (pid: 20416, cores: 1)
[pid: 20414|app: 0|req: 1/1] 121.58.16.29 () {44 vars in 824 bytes} [Mon Jan 27 18:56:15 2020] GET / => generated 27 bytes in 124 msecs (HTTP/1.1 500) 4 headers in 126 bytes (1 switches on core 0)
[pid: 20414|app: 0|req: 2/2] 140.82.115.244 () {46 vars in 711 bytes} [Mon Jan 27 19:01:41 2020] POST / => generated 1357 bytes in 3 msecs (HTTP/1.1 403) 3 headers in 102 bytes (1 switches on core 0)
*** Starting uWSGI 2.0.18 (64bit) on [Mon Jan 27 19:04:06 2020] ***
compiled with version: 4.8.5 20150623 (Red Hat 4.8.5-39) on 20 January 2020 00:20:12
os: Linux-3.10.0-1062.9.1.el7.x86_64 #1 SMP Fri Dec 6 15:49:49 UTC 2019
nodename: iZm5ehhwq52iu5oqii2ew5Z
machine: x86_64
clock source: unix
pcre jit disabled
detected number of CPU cores: 1
current working directory: /data/wwwroot/mysite
detected binary path: /data/env/pyweb/bin/uwsgi
uWSGI running as root, you can use --uid/--gid/--chroot options
*** WARNING: you are running uWSGI as root !!! (use the --uid flag) *** 
chdir() to /data/wwwroot/mysite/
*** WARNING: you are running uWSGI without its master process manager ***
your processes number limit is 3882
your memory page size is 4096 bytes
detected max file descriptor number: 65535
lock engine: pthread robust mutexes
thunder lock: disabled (you can enable it with --thunder-lock)
uwsgi socket 0 bound to TCP address 127.0.0.1:8997 fd 3
uWSGI running as root, you can use --uid/--gid/--chroot options
*** WARNING: you are running uWSGI as root !!! (use the --uid flag) *** 
Python version: 3.7.4 (default, Jan 19 2020, 23:02:45)  [GCC 4.8.5 20150623 (Red Hat 4.8.5-39)]
*** Python threads support is disabled. You can enable it with --enable-threads ***
Python main interpreter initialized at 0x268fbe0
uWSGI running as root, you can use --uid/--gid/--chroot options
*** WARNING: you are running uWSGI as root !!! (use the --uid flag) *** 
your server socket listen backlog is limited to 100 connections
your mercy for graceful operations on workers is 60 seconds
mapped 291680 bytes (284 KB) for 4 cores
*** Operational MODE: preforking ***
WSGI app 0 (mountpoint='') ready in 1 seconds on interpreter 0x268fbe0 pid: 20697 (default app)
uWSGI running as root, you can use --uid/--gid/--chroot options
*** WARNING: you are running uWSGI as root !!! (use the --uid flag) *** 
*** uWSGI is running in multiple interpreter mode ***
spawned uWSGI worker 1 (pid: 20697, cores: 1)
spawned uWSGI worker 2 (pid: 20698, cores: 1)
spawned uWSGI worker 3 (pid: 20699, cores: 1)
spawned uWSGI worker 4 (pid: 20700, cores: 1)
[pid: 20698|app: 0|req: 1/1] 121.58.16.29 () {44 vars in 824 bytes} [Mon Jan 27 19:04:13 2020] GET / => generated 27 bytes in 132 msecs (HTTP/1.1 500) 4 headers in 126 bytes (1 switches on core 0)
[pid: 20698|app: 0|req: 2/2] 121.58.16.29 () {44 vars in 824 bytes} [Mon Jan 27 19:04:15 2020] GET / => generated 27 bytes in 67 msecs (HTTP/1.1 500) 4 headers in 126 bytes (1 switches on core 0)
[pid: 20698|app: 0|req: 3/3] 139.162.88.63 () {36 vars in 482 bytes} [Mon Jan 27 19:33:26 2020] GET /echo.php?info=1234567890 => generated 77 bytes in 2 msecs (HTTP/1.1 404) 3 headers in 100 bytes (1 switches on core 0)
[pid: 20698|app: 0|req: 4/4] 63.143.35.226 () {30 vars in 364 bytes} [Mon Jan 27 19:34:25 2020] HEAD /robots.txt => generated 77 bytes in 1 msecs (HTTP/1.0 404) 3 headers in 100 bytes (1 switches on core 0)
*** Starting uWSGI 2.0.18 (64bit) on [Mon Jan 27 19:49:39 2020] ***
compiled with version: 4.8.5 20150623 (Red Hat 4.8.5-39) on 20 January 2020 00:20:12
os: Linux-3.10.0-1062.9.1.el7.x86_64 #1 SMP Fri Dec 6 15:49:49 UTC 2019
nodename: iZm5ehhwq52iu5oqii2ew5Z
machine: x86_64
clock source: unix
pcre jit disabled
detected number of CPU cores: 1
current working directory: /data/wwwroot/mysite
detected binary path: /data/env/pyweb/bin/uwsgi
uWSGI running as root, you can use --uid/--gid/--chroot options
*** WARNING: you are running uWSGI as root !!! (use the --uid flag) *** 
chdir() to /data/wwwroot/mysite/
*** WARNING: you are running uWSGI without its master process manager ***
your processes number limit is 3882
your memory page size is 4096 bytes
detected max file descriptor number: 65535
lock engine: pthread robust mutexes
thunder lock: disabled (you can enable it with --thunder-lock)
uwsgi socket 0 bound to TCP address 127.0.0.1:8997 fd 3
uWSGI running as root, you can use --uid/--gid/--chroot options
*** WARNING: you are running uWSGI as root !!! (use the --uid flag) *** 
Python version: 3.7.4 (default, Jan 19 2020, 23:02:45)  [GCC 4.8.5 20150623 (Red Hat 4.8.5-39)]
*** Python threads support is disabled. You can enable it with --enable-threads ***
Python main interpreter initialized at 0x2299be0
uWSGI running as root, you can use --uid/--gid/--chroot options
*** WARNING: you are running uWSGI as root !!! (use the --uid flag) *** 
your server socket listen backlog is limited to 100 connections
your mercy for graceful operations on workers is 60 seconds
mapped 291680 bytes (284 KB) for 4 cores
*** Operational MODE: preforking ***
WSGI app 0 (mountpoint='') ready in 0 seconds on interpreter 0x2299be0 pid: 21224 (default app)
uWSGI running as root, you can use --uid/--gid/--chroot options
*** WARNING: you are running uWSGI as root !!! (use the --uid flag) *** 
*** uWSGI is running in multiple interpreter mode ***
spawned uWSGI worker 1 (pid: 21224, cores: 1)
spawned uWSGI worker 2 (pid: 21225, cores: 1)
spawned uWSGI worker 3 (pid: 21226, cores: 1)
spawned uWSGI worker 4 (pid: 21227, cores: 1)
[pid: 21227|app: 0|req: 1/1] 121.58.16.29 () {44 vars in 824 bytes} [Mon Jan 27 19:50:03 2020] GET / => generated 27 bytes in 131 msecs (HTTP/1.1 500) 4 headers in 126 bytes (1 switches on core 0)
[pid: 21225|app: 0|req: 1/2] 121.58.16.29 () {44 vars in 824 bytes} [Mon Jan 27 19:50:06 2020] GET / => generated 27 bytes in 130 msecs (HTTP/1.1 500) 4 headers in 126 bytes (1 switches on core 0)
[pid: 21227|app: 0|req: 2/3] 192.30.252.91 () {46 vars in 710 bytes} [Mon Jan 27 19:51:21 2020] POST / => generated 1357 bytes in 3 msecs (HTTP/1.1 403) 3 headers in 102 bytes (1 switches on core 0)
*** Starting uWSGI 2.0.18 (64bit) on [Mon Jan 27 19:52:10 2020] ***
compiled with version: 4.8.5 20150623 (Red Hat 4.8.5-39) on 20 January 2020 00:20:12
os: Linux-3.10.0-1062.9.1.el7.x86_64 #1 SMP Fri Dec 6 15:49:49 UTC 2019
nodename: iZm5ehhwq52iu5oqii2ew5Z
machine: x86_64
clock source: unix
pcre jit disabled
detected number of CPU cores: 1
current working directory: /data/wwwroot/mysite
detected binary path: /data/env/pyweb/bin/uwsgi
uWSGI running as root, you can use --uid/--gid/--chroot options
*** WARNING: you are running uWSGI as root !!! (use the --uid flag) *** 
chdir() to /data/wwwroot/mysite/
*** WARNING: you are running uWSGI without its master process manager ***
your processes number limit is 3882
your memory page size is 4096 bytes
detected max file descriptor number: 65535
lock engine: pthread robust mutexes
thunder lock: disabled (you can enable it with --thunder-lock)
uwsgi socket 0 bound to TCP address 127.0.0.1:8997 fd 3
uWSGI running as root, you can use --uid/--gid/--chroot options
*** WARNING: you are running uWSGI as root !!! (use the --uid flag) *** 
Python version: 3.7.4 (default, Jan 19 2020, 23:02:45)  [GCC 4.8.5 20150623 (Red Hat 4.8.5-39)]
*** Python threads support is disabled. You can enable it with --enable-threads ***
Python main interpreter initialized at 0x28d4be0
uWSGI running as root, you can use --uid/--gid/--chroot options
*** WARNING: you are running uWSGI as root !!! (use the --uid flag) *** 
your server socket listen backlog is limited to 100 connections
your mercy for graceful operations on workers is 60 seconds
mapped 291680 bytes (284 KB) for 4 cores
*** Operational MODE: preforking ***
WSGI app 0 (mountpoint='') ready in 1 seconds on interpreter 0x28d4be0 pid: 21502 (default app)
uWSGI running as root, you can use --uid/--gid/--chroot options
*** WARNING: you are running uWSGI as root !!! (use the --uid flag) *** 
*** uWSGI is running in multiple interpreter mode ***
spawned uWSGI worker 1 (pid: 21502, cores: 1)
spawned uWSGI worker 2 (pid: 21503, cores: 1)
spawned uWSGI worker 3 (pid: 21504, cores: 1)
spawned uWSGI worker 4 (pid: 21505, cores: 1)
[pid: 21505|app: 0|req: 1/1] 121.58.16.29 () {44 vars in 824 bytes} [Mon Jan 27 19:52:17 2020] GET / => generated 27 bytes in 129 msecs (HTTP/1.1 500) 4 headers in 126 bytes (1 switches on core 0)
[pid: 21505|app: 0|req: 2/2] 140.82.115.247 () {46 vars in 711 bytes} [Mon Jan 27 20:00:57 2020] POST / => generated 1357 bytes in 3 msecs (HTTP/1.1 403) 3 headers in 102 bytes (1 switches on core 0)
*** Starting uWSGI 2.0.18 (64bit) on [Mon Jan 27 20:03:32 2020] ***
compiled with version: 4.8.5 20150623 (Red Hat 4.8.5-39) on 20 January 2020 00:20:12
os: Linux-3.10.0-1062.9.1.el7.x86_64 #1 SMP Fri Dec 6 15:49:49 UTC 2019
nodename: iZm5ehhwq52iu5oqii2ew5Z
machine: x86_64
clock source: unix
pcre jit disabled
detected number of CPU cores: 1
current working directory: /data/wwwroot/mysite
detected binary path: /data/env/pyweb/bin/uwsgi
uWSGI running as root, you can use --uid/--gid/--chroot options
*** WARNING: you are running uWSGI as root !!! (use the --uid flag) *** 
chdir() to /data/wwwroot/mysite/
*** WARNING: you are running uWSGI without its master process manager ***
your processes number limit is 3882
your memory page size is 4096 bytes
detected max file descriptor number: 65535
lock engine: pthread robust mutexes
thunder lock: disabled (you can enable it with --thunder-lock)
uwsgi socket 0 bound to TCP address 127.0.0.1:8997 fd 3
uWSGI running as root, you can use --uid/--gid/--chroot options
*** WARNING: you are running uWSGI as root !!! (use the --uid flag) *** 
Python version: 3.7.4 (default, Jan 19 2020, 23:02:45)  [GCC 4.8.5 20150623 (Red Hat 4.8.5-39)]
*** Python threads support is disabled. You can enable it with --enable-threads ***
Python main interpreter initialized at 0x1a2bbe0
uWSGI running as root, you can use --uid/--gid/--chroot options
*** WARNING: you are running uWSGI as root !!! (use the --uid flag) *** 
your server socket listen backlog is limited to 100 connections
your mercy for graceful operations on workers is 60 seconds
mapped 291680 bytes (284 KB) for 4 cores
*** Operational MODE: preforking ***
WSGI app 0 (mountpoint='') ready in 0 seconds on interpreter 0x1a2bbe0 pid: 21785 (default app)
uWSGI running as root, you can use --uid/--gid/--chroot options
*** WARNING: you are running uWSGI as root !!! (use the --uid flag) *** 
*** uWSGI is running in multiple interpreter mode ***
spawned uWSGI worker 1 (pid: 21785, cores: 1)
spawned uWSGI worker 2 (pid: 21786, cores: 1)
spawned uWSGI worker 3 (pid: 21787, cores: 1)
spawned uWSGI worker 4 (pid: 21788, cores: 1)
[pid: 21788|app: 0|req: 1/1] 121.58.16.29 () {44 vars in 824 bytes} [Mon Jan 27 20:03:51 2020] GET / => generated 27 bytes in 163 msecs (HTTP/1.1 500) 4 headers in 126 bytes (1 switches on core 0)
[pid: 21788|app: 0|req: 2/2] 140.82.115.248 () {46 vars in 711 bytes} [Mon Jan 27 20:32:32 2020] POST / => generated 1357 bytes in 3 msecs (HTTP/1.1 403) 3 headers in 102 bytes (1 switches on core 0)
*** Starting uWSGI 2.0.18 (64bit) on [Mon Jan 27 20:32:55 2020] ***
compiled with version: 4.8.5 20150623 (Red Hat 4.8.5-39) on 20 January 2020 00:20:12
os: Linux-3.10.0-1062.9.1.el7.x86_64 #1 SMP Fri Dec 6 15:49:49 UTC 2019
nodename: iZm5ehhwq52iu5oqii2ew5Z
machine: x86_64
clock source: unix
pcre jit disabled
detected number of CPU cores: 1
current working directory: /data/wwwroot/mysite
detected binary path: /data/env/pyweb/bin/uwsgi
uWSGI running as root, you can use --uid/--gid/--chroot options
*** WARNING: you are running uWSGI as root !!! (use the --uid flag) *** 
chdir() to /data/wwwroot/mysite/
*** WARNING: you are running uWSGI without its master process manager ***
your processes number limit is 3882
your memory page size is 4096 bytes
detected max file descriptor number: 65535
lock engine: pthread robust mutexes
thunder lock: disabled (you can enable it with --thunder-lock)
uwsgi socket 0 bound to TCP address 127.0.0.1:8997 fd 3
uWSGI running as root, you can use --uid/--gid/--chroot options
*** WARNING: you are running uWSGI as root !!! (use the --uid flag) *** 
Python version: 3.7.4 (default, Jan 19 2020, 23:02:45)  [GCC 4.8.5 20150623 (Red Hat 4.8.5-39)]
*** Python threads support is disabled. You can enable it with --enable-threads ***
Python main interpreter initialized at 0xf21be0
uWSGI running as root, you can use --uid/--gid/--chroot options
*** WARNING: you are running uWSGI as root !!! (use the --uid flag) *** 
your server socket listen backlog is limited to 100 connections
your mercy for graceful operations on workers is 60 seconds
mapped 291680 bytes (284 KB) for 4 cores
*** Operational MODE: preforking ***
WSGI app 0 (mountpoint='') ready in 0 seconds on interpreter 0xf21be0 pid: 22153 (default app)
uWSGI running as root, you can use --uid/--gid/--chroot options
*** WARNING: you are running uWSGI as root !!! (use the --uid flag) *** 
*** uWSGI is running in multiple interpreter mode ***
spawned uWSGI worker 1 (pid: 22153, cores: 1)
spawned uWSGI worker 2 (pid: 22154, cores: 1)
spawned uWSGI worker 3 (pid: 22155, cores: 1)
spawned uWSGI worker 4 (pid: 22156, cores: 1)
[pid: 22154|app: 0|req: 1/1] 121.58.16.29 () {44 vars in 824 bytes} [Mon Jan 27 20:33:04 2020] GET / => generated 27 bytes in 125 msecs (HTTP/1.1 500) 4 headers in 126 bytes (1 switches on core 0)
[pid: 22154|app: 0|req: 2/2] 192.30.252.99 () {46 vars in 710 bytes} [Mon Jan 27 20:38:02 2020] POST / => generated 1357 bytes in 3 msecs (HTTP/1.1 403) 3 headers in 102 bytes (1 switches on core 0)
*** Starting uWSGI 2.0.18 (64bit) on [Mon Jan 27 20:38:26 2020] ***
compiled with version: 4.8.5 20150623 (Red Hat 4.8.5-39) on 20 January 2020 00:20:12
os: Linux-3.10.0-1062.9.1.el7.x86_64 #1 SMP Fri Dec 6 15:49:49 UTC 2019
nodename: iZm5ehhwq52iu5oqii2ew5Z
machine: x86_64
clock source: unix
pcre jit disabled
detected number of CPU cores: 1
current working directory: /data/wwwroot/mysite
detected binary path: /data/env/pyweb/bin/uwsgi
uWSGI running as root, you can use --uid/--gid/--chroot options
*** WARNING: you are running uWSGI as root !!! (use the --uid flag) *** 
chdir() to /data/wwwroot/mysite/
*** WARNING: you are running uWSGI without its master process manager ***
your processes number limit is 3882
your memory page size is 4096 bytes
detected max file descriptor number: 65535
lock engine: pthread robust mutexes
thunder lock: disabled (you can enable it with --thunder-lock)
uwsgi socket 0 bound to TCP address 127.0.0.1:8997 fd 3
uWSGI running as root, you can use --uid/--gid/--chroot options
*** WARNING: you are running uWSGI as root !!! (use the --uid flag) *** 
Python version: 3.7.4 (default, Jan 19 2020, 23:02:45)  [GCC 4.8.5 20150623 (Red Hat 4.8.5-39)]
*** Python threads support is disabled. You can enable it with --enable-threads ***
Python main interpreter initialized at 0x137cbe0
uWSGI running as root, you can use --uid/--gid/--chroot options
*** WARNING: you are running uWSGI as root !!! (use the --uid flag) *** 
your server socket listen backlog is limited to 100 connections
your mercy for graceful operations on workers is 60 seconds
mapped 291680 bytes (284 KB) for 4 cores
*** Operational MODE: preforking ***
WSGI app 0 (mountpoint='') ready in 1 seconds on interpreter 0x137cbe0 pid: 22435 (default app)
uWSGI running as root, you can use --uid/--gid/--chroot options
*** WARNING: you are running uWSGI as root !!! (use the --uid flag) *** 
*** uWSGI is running in multiple interpreter mode ***
spawned uWSGI worker 1 (pid: 22435, cores: 1)
spawned uWSGI worker 2 (pid: 22436, cores: 1)
spawned uWSGI worker 3 (pid: 22437, cores: 1)
spawned uWSGI worker 4 (pid: 22438, cores: 1)
计算得出数据
[pid: 22436|app: 0|req: 1/1] 121.58.16.29 () {44 vars in 824 bytes} [Mon Jan 27 20:38:32 2020] GET / => generated 6901 bytes in 296 msecs (HTTP/1.1 200) 5 headers in 292 bytes (1 switches on core 0)
[pid: 22436|app: 0|req: 2/2] 121.58.16.29 () {46 vars in 873 bytes} [Mon Jan 27 20:38:47 2020] GET /blog/ => generated 15065 bytes in 66 msecs (HTTP/1.1 200) 5 headers in 293 bytes (1 switches on core 0)
[pid: 22438|app: 0|req: 1/3] 121.58.16.29 () {36 vars in 607 bytes} [Mon Jan 27 20:38:47 2020] GET /favicon.ico => generated 77 bytes in 29 msecs (HTTP/1.1 404) 3 headers in 100 bytes (1 switches on core 0)
[pid: 22436|app: 0|req: 3/4] 180.163.220.66 () {42 vars in 906 bytes} [Mon Jan 27 20:38:51 2020] GET /blog => generated 0 bytes in 1 msecs (HTTP/1.1 301) 3 headers in 111 bytes (1 switches on core 0)
[pid: 22436|app: 0|req: 4/5] 180.163.220.66 () {48 vars in 992 bytes} [Mon Jan 27 20:38:51 2020] GET /blog => generated 0 bytes in 1 msecs (HTTP/1.1 301) 3 headers in 111 bytes (1 switches on core 0)
[pid: 22437|app: 0|req: 1/6] 180.163.220.66 () {48 vars in 994 bytes} [Mon Jan 27 20:38:51 2020] GET /blog/ => generated 14451 bytes in 143 msecs (HTTP/1.1 200) 5 headers in 293 bytes (1 switches on core 0)
[pid: 22436|app: 0|req: 5/7] 121.58.16.29 () {46 vars in 937 bytes} [Mon Jan 27 20:39:04 2020] GET /blog/ => generated 15065 bytes in 40 msecs (HTTP/1.1 200) 5 headers in 293 bytes (1 switches on core 0)
[pid: 22438|app: 0|req: 2/8] 121.58.16.29 () {46 vars in 912 bytes} [Mon Jan 27 20:39:04 2020] GET /favicon.ico => generated 77 bytes in 1 msecs (HTTP/1.1 404) 3 headers in 100 bytes (1 switches on core 0)
使用了缓存
[pid: 22436|app: 0|req: 6/9] 159.89.16.121 () {34 vars in 438 bytes} [Mon Jan 27 20:41:46 2020] GET / => generated 6282 bytes in 17 msecs (HTTP/1.0 200) 5 headers in 292 bytes (1 switches on core 0)
[pid: 22436|app: 0|req: 7/10] 140.82.115.249 () {46 vars in 711 bytes} [Mon Jan 27 20:45:15 2020] POST / => generated 1357 bytes in 3 msecs (HTTP/1.1 403) 3 headers in 102 bytes (1 switches on core 0)
*** Starting uWSGI 2.0.18 (64bit) on [Mon Jan 27 20:45:26 2020] ***
compiled with version: 4.8.5 20150623 (Red Hat 4.8.5-39) on 20 January 2020 00:20:12
os: Linux-3.10.0-1062.9.1.el7.x86_64 #1 SMP Fri Dec 6 15:49:49 UTC 2019
nodename: iZm5ehhwq52iu5oqii2ew5Z
machine: x86_64
clock source: unix
pcre jit disabled
detected number of CPU cores: 1
current working directory: /data/wwwroot/mysite
detected binary path: /data/env/pyweb/bin/uwsgi
uWSGI running as root, you can use --uid/--gid/--chroot options
*** WARNING: you are running uWSGI as root !!! (use the --uid flag) *** 
chdir() to /data/wwwroot/mysite/
*** WARNING: you are running uWSGI without its master process manager ***
your processes number limit is 3882
your memory page size is 4096 bytes
detected max file descriptor number: 65535
lock engine: pthread robust mutexes
thunder lock: disabled (you can enable it with --thunder-lock)
uwsgi socket 0 bound to TCP address 127.0.0.1:8997 fd 3
uWSGI running as root, you can use --uid/--gid/--chroot options
*** WARNING: you are running uWSGI as root !!! (use the --uid flag) *** 
Python version: 3.7.4 (default, Jan 19 2020, 23:02:45)  [GCC 4.8.5 20150623 (Red Hat 4.8.5-39)]
*** Python threads support is disabled. You can enable it with --enable-threads ***
Python main interpreter initialized at 0xbe2be0
uWSGI running as root, you can use --uid/--gid/--chroot options
*** WARNING: you are running uWSGI as root !!! (use the --uid flag) *** 
your server socket listen backlog is limited to 100 connections
your mercy for graceful operations on workers is 60 seconds
mapped 291680 bytes (284 KB) for 4 cores
*** Operational MODE: preforking ***
WSGI app 0 (mountpoint='') ready in 0 seconds on interpreter 0xbe2be0 pid: 22710 (default app)
uWSGI running as root, you can use --uid/--gid/--chroot options
*** WARNING: you are running uWSGI as root !!! (use the --uid flag) *** 
*** uWSGI is running in multiple interpreter mode ***
spawned uWSGI worker 1 (pid: 22710, cores: 1)
spawned uWSGI worker 2 (pid: 22711, cores: 1)
spawned uWSGI worker 3 (pid: 22712, cores: 1)
spawned uWSGI worker 4 (pid: 22713, cores: 1)
[pid: 22711|app: 0|req: 1/1] 121.58.16.29 () {46 vars in 890 bytes} [Mon Jan 27 20:45:51 2020] GET /blog/ => generated 15053 bytes in 221 msecs (HTTP/1.1 200) 5 headers in 293 bytes (1 switches on core 0)
*** Starting uWSGI 2.0.18 (64bit) on [Mon Jan 27 20:48:23 2020] ***
compiled with version: 4.8.5 20150623 (Red Hat 4.8.5-39) on 20 January 2020 00:20:12
os: Linux-3.10.0-1062.9.1.el7.x86_64 #1 SMP Fri Dec 6 15:49:49 UTC 2019
nodename: iZm5ehhwq52iu5oqii2ew5Z
machine: x86_64
clock source: unix
pcre jit disabled
detected number of CPU cores: 1
current working directory: /data/wwwroot/mysite
detected binary path: /data/env/pyweb/bin/uwsgi
uWSGI running as root, you can use --uid/--gid/--chroot options
*** WARNING: you are running uWSGI as root !!! (use the --uid flag) *** 
chdir() to /data/wwwroot/mysite/
*** WARNING: you are running uWSGI without its master process manager ***
your processes number limit is 3882
your memory page size is 4096 bytes
detected max file descriptor number: 65535
lock engine: pthread robust mutexes
thunder lock: disabled (you can enable it with --thunder-lock)
uwsgi socket 0 bound to TCP address 127.0.0.1:8997 fd 3
uWSGI running as root, you can use --uid/--gid/--chroot options
*** WARNING: you are running uWSGI as root !!! (use the --uid flag) *** 
Python version: 3.7.4 (default, Jan 19 2020, 23:02:45)  [GCC 4.8.5 20150623 (Red Hat 4.8.5-39)]
*** Python threads support is disabled. You can enable it with --enable-threads ***
Python main interpreter initialized at 0xc6bbe0
uWSGI running as root, you can use --uid/--gid/--chroot options
*** WARNING: you are running uWSGI as root !!! (use the --uid flag) *** 
your server socket listen backlog is limited to 100 connections
your mercy for graceful operations on workers is 60 seconds
mapped 291680 bytes (284 KB) for 4 cores
*** Operational MODE: preforking ***
WSGI app 0 (mountpoint='') ready in 0 seconds on interpreter 0xc6bbe0 pid: 22919 (default app)
uWSGI running as root, you can use --uid/--gid/--chroot options
*** WARNING: you are running uWSGI as root !!! (use the --uid flag) *** 
*** uWSGI is running in multiple interpreter mode ***
spawned uWSGI worker 1 (pid: 22919, cores: 1)
spawned uWSGI worker 2 (pid: 22920, cores: 1)
spawned uWSGI worker 3 (pid: 22921, cores: 1)
spawned uWSGI worker 4 (pid: 22922, cores: 1)
*** Starting uWSGI 2.0.18 (64bit) on [Mon Jan 27 20:51:19 2020] ***
compiled with version: 4.8.5 20150623 (Red Hat 4.8.5-39) on 20 January 2020 00:20:12
os: Linux-3.10.0-1062.9.1.el7.x86_64 #1 SMP Fri Dec 6 15:49:49 UTC 2019
nodename: iZm5ehhwq52iu5oqii2ew5Z
machine: x86_64
clock source: unix
pcre jit disabled
detected number of CPU cores: 1
current working directory: /data/wwwroot/mysite
detected binary path: /data/env/pyweb/bin/uwsgi
uWSGI running as root, you can use --uid/--gid/--chroot options
*** WARNING: you are running uWSGI as root !!! (use the --uid flag) *** 
chdir() to /data/wwwroot/mysite/
*** WARNING: you are running uWSGI without its master process manager ***
your processes number limit is 3882
your memory page size is 4096 bytes
detected max file descriptor number: 65535
lock engine: pthread robust mutexes
thunder lock: disabled (you can enable it with --thunder-lock)
uwsgi socket 0 bound to TCP address 127.0.0.1:8997 fd 3
uWSGI running as root, you can use --uid/--gid/--chroot options
*** WARNING: you are running uWSGI as root !!! (use the --uid flag) *** 
Python version: 3.7.4 (default, Jan 19 2020, 23:02:45)  [GCC 4.8.5 20150623 (Red Hat 4.8.5-39)]
*** Python threads support is disabled. You can enable it with --enable-threads ***
Python main interpreter initialized at 0x2029be0
uWSGI running as root, you can use --uid/--gid/--chroot options
*** WARNING: you are running uWSGI as root !!! (use the --uid flag) *** 
your server socket listen backlog is limited to 100 connections
your mercy for graceful operations on workers is 60 seconds
mapped 291680 bytes (284 KB) for 4 cores
*** Operational MODE: preforking ***
WSGI app 0 (mountpoint='') ready in 1 seconds on interpreter 0x2029be0 pid: 23188 (default app)
uWSGI running as root, you can use --uid/--gid/--chroot options
*** WARNING: you are running uWSGI as root !!! (use the --uid flag) *** 
*** uWSGI is running in multiple interpreter mode ***
spawned uWSGI worker 1 (pid: 23188, cores: 1)
spawned uWSGI worker 2 (pid: 23189, cores: 1)
spawned uWSGI worker 3 (pid: 23190, cores: 1)
spawned uWSGI worker 4 (pid: 23191, cores: 1)
[pid: 23191|app: 0|req: 1/1] 192.30.252.96 () {46 vars in 710 bytes} [Mon Jan 27 20:51:28 2020] POST / => generated 1357 bytes in 102 msecs (HTTP/1.1 403) 3 headers in 102 bytes (1 switches on core 0)
*** Starting uWSGI 2.0.18 (64bit) on [Mon Jan 27 20:52:25 2020] ***
compiled with version: 4.8.5 20150623 (Red Hat 4.8.5-39) on 20 January 2020 00:20:12
os: Linux-3.10.0-1062.9.1.el7.x86_64 #1 SMP Fri Dec 6 15:49:49 UTC 2019
nodename: iZm5ehhwq52iu5oqii2ew5Z
machine: x86_64
clock source: unix
pcre jit disabled
detected number of CPU cores: 1
current working directory: /data/wwwroot/mysite
detected binary path: /data/env/pyweb/bin/uwsgi
uWSGI running as root, you can use --uid/--gid/--chroot options
*** WARNING: you are running uWSGI as root !!! (use the --uid flag) *** 
chdir() to /data/wwwroot/mysite/
*** WARNING: you are running uWSGI without its master process manager ***
your processes number limit is 3882
your memory page size is 4096 bytes
detected max file descriptor number: 65535
lock engine: pthread robust mutexes
thunder lock: disabled (you can enable it with --thunder-lock)
uwsgi socket 0 bound to TCP address 127.0.0.1:8997 fd 3
uWSGI running as root, you can use --uid/--gid/--chroot options
*** WARNING: you are running uWSGI as root !!! (use the --uid flag) *** 
Python version: 3.7.4 (default, Jan 19 2020, 23:02:45)  [GCC 4.8.5 20150623 (Red Hat 4.8.5-39)]
*** Python threads support is disabled. You can enable it with --enable-threads ***
Python main interpreter initialized at 0xfb2be0
uWSGI running as root, you can use --uid/--gid/--chroot options
*** WARNING: you are running uWSGI as root !!! (use the --uid flag) *** 
your server socket listen backlog is limited to 100 connections
your mercy for graceful operations on workers is 60 seconds
mapped 291680 bytes (284 KB) for 4 cores
*** Operational MODE: preforking ***
WSGI app 0 (mountpoint='') ready in 0 seconds on interpreter 0xfb2be0 pid: 23419 (default app)
uWSGI running as root, you can use --uid/--gid/--chroot options
*** WARNING: you are running uWSGI as root !!! (use the --uid flag) *** 
*** uWSGI is running in multiple interpreter mode ***
spawned uWSGI worker 1 (pid: 23419, cores: 1)
spawned uWSGI worker 2 (pid: 23420, cores: 1)
spawned uWSGI worker 3 (pid: 23421, cores: 1)
spawned uWSGI worker 4 (pid: 23422, cores: 1)
[pid: 23421|app: 0|req: 1/1] 121.58.16.29 () {46 vars in 890 bytes} [Mon Jan 27 20:52:50 2020] GET /blog/ => generated 15053 bytes in 172 msecs (HTTP/1.1 200) 5 headers in 293 bytes (1 switches on core 0)
计算得出数据
[pid: 23421|app: 0|req: 2/2] 121.58.16.29 () {46 vars in 885 bytes} [Mon Jan 27 20:53:39 2020] GET / => generated 6889 bytes in 33 msecs (HTTP/1.1 200) 5 headers in 292 bytes (1 switches on core 0)
[pid: 23421|app: 0|req: 3/3] 121.58.16.29 () {46 vars in 894 bytes} [Mon Jan 27 20:53:45 2020] GET /blog/43 => generated 16762 bytes in 94 msecs (HTTP/1.1 200) 6 headers in 333 bytes (1 switches on core 0)
[pid: 23420|app: 0|req: 1/4] 42.236.10.114 () {42 vars in 910 bytes} [Mon Jan 27 20:53:49 2020] GET /blog/43 => generated 13458 bytes in 152 msecs (HTTP/1.1 200) 6 headers in 333 bytes (1 switches on core 0)
[pid: 23421|app: 0|req: 4/5] 42.236.10.125 () {48 vars in 996 bytes} [Mon Jan 27 20:53:49 2020] GET /blog/43 => generated 13458 bytes in 116 msecs (HTTP/1.1 200) 6 headers in 333 bytes (1 switches on core 0)
[pid: 23421|app: 0|req: 5/6] 121.58.16.29 () {46 vars in 977 bytes} [Mon Jan 27 20:53:58 2020] GET /blog/43 => generated 16762 bytes in 26 msecs (HTTP/1.1 200) 6 headers in 333 bytes (1 switches on core 0)
使用了缓存
[pid: 23421|app: 0|req: 6/7] 191.241.48.180 () {36 vars in 529 bytes} [Mon Jan 27 21:03:39 2020] GET / => generated 6301 bytes in 20 msecs (HTTP/1.1 200) 5 headers in 292 bytes (1 switches on core 0)
使用了缓存
[pid: 23421|app: 0|req: 7/8] 121.58.16.29 () {46 vars in 906 bytes} [Mon Jan 27 21:15:31 2020] GET / => generated 6920 bytes in 22 msecs (HTTP/1.1 200) 5 headers in 292 bytes (1 switches on core 0)
[pid: 23421|app: 0|req: 8/9] 95.129.55.18 () {34 vars in 439 bytes} [Mon Jan 27 21:26:09 2020] GET /CFIDE/administrator/ => generated 77 bytes in 1 msecs (HTTP/1.1 404) 3 headers in 100 bytes (1 switches on core 0)
[pid: 23421|app: 0|req: 9/10] 192.30.252.91 () {46 vars in 710 bytes} [Mon Jan 27 21:39:59 2020] POST / => generated 1357 bytes in 3 msecs (HTTP/1.1 403) 3 headers in 102 bytes (1 switches on core 0)
计算得出数据
[pid: 23421|app: 0|req: 10/11] 185.243.50.141 () {36 vars in 535 bytes} [Mon Jan 27 22:02:26 2020] GET / => generated 6301 bytes in 22 msecs (HTTP/1.1 200) 5 headers in 292 bytes (1 switches on core 0)
[pid: 23421|app: 0|req: 11/12] 140.82.115.245 () {46 vars in 711 bytes} [Mon Jan 27 22:03:24 2020] POST / => generated 1357 bytes in 1 msecs (HTTP/1.1 403) 3 headers in 102 bytes (1 switches on core 0)
*** Starting uWSGI 2.0.18 (64bit) on [Mon Jan 27 22:03:47 2020] ***
compiled with version: 4.8.5 20150623 (Red Hat 4.8.5-39) on 20 January 2020 00:20:12
os: Linux-3.10.0-1062.9.1.el7.x86_64 #1 SMP Fri Dec 6 15:49:49 UTC 2019
nodename: iZm5ehhwq52iu5oqii2ew5Z
machine: x86_64
clock source: unix
pcre jit disabled
detected number of CPU cores: 1
current working directory: /data/wwwroot/mysite
detected binary path: /data/env/pyweb/bin/uwsgi
uWSGI running as root, you can use --uid/--gid/--chroot options
*** WARNING: you are running uWSGI as root !!! (use the --uid flag) *** 
chdir() to /data/wwwroot/mysite/
*** WARNING: you are running uWSGI without its master process manager ***
your processes number limit is 3882
your memory page size is 4096 bytes
detected max file descriptor number: 65535
lock engine: pthread robust mutexes
thunder lock: disabled (you can enable it with --thunder-lock)
uwsgi socket 0 bound to TCP address 127.0.0.1:8997 fd 3
uWSGI running as root, you can use --uid/--gid/--chroot options
*** WARNING: you are running uWSGI as root !!! (use the --uid flag) *** 
Python version: 3.7.4 (default, Jan 19 2020, 23:02:45)  [GCC 4.8.5 20150623 (Red Hat 4.8.5-39)]
*** Python threads support is disabled. You can enable it with --enable-threads ***
Python main interpreter initialized at 0x1326be0
uWSGI running as root, you can use --uid/--gid/--chroot options
*** WARNING: you are running uWSGI as root !!! (use the --uid flag) *** 
your server socket listen backlog is limited to 100 connections
your mercy for graceful operations on workers is 60 seconds
mapped 291680 bytes (284 KB) for 4 cores
*** Operational MODE: preforking ***
WSGI app 0 (mountpoint='') ready in 0 seconds on interpreter 0x1326be0 pid: 23743 (default app)
uWSGI running as root, you can use --uid/--gid/--chroot options
*** WARNING: you are running uWSGI as root !!! (use the --uid flag) *** 
*** uWSGI is running in multiple interpreter mode ***
spawned uWSGI worker 1 (pid: 23743, cores: 1)
spawned uWSGI worker 2 (pid: 23744, cores: 1)
spawned uWSGI worker 3 (pid: 23745, cores: 1)
spawned uWSGI worker 4 (pid: 23746, cores: 1)
计算得出数据
[pid: 23746|app: 0|req: 1/1] 121.58.16.29 () {46 vars in 906 bytes} [Mon Jan 27 22:05:12 2020] GET / => generated 6920 bytes in 127 msecs (HTTP/1.1 200) 5 headers in 292 bytes (1 switches on core 0)
[pid: 23745|app: 0|req: 1/2] 121.58.16.29 () {46 vars in 913 bytes} [Mon Jan 27 22:05:16 2020] GET /blog/43 => generated 16762 bytes in 137 msecs (HTTP/1.1 200) 6 headers in 333 bytes (1 switches on core 0)
[pid: 23746|app: 0|req: 2/3] 121.58.16.29 () {44 vars in 870 bytes} [Mon Jan 27 22:05:23 2020] GET /admin => generated 0 bytes in 1 msecs (HTTP/1.1 301) 3 headers in 112 bytes (1 switches on core 0)
[pid: 23743|app: 0|req: 1/4] 121.58.16.29 () {42 vars in 850 bytes} [Mon Jan 27 22:05:23 2020] GET /favicon.ico => generated 77 bytes in 40 msecs (HTTP/1.1 404) 3 headers in 100 bytes (1 switches on core 0)
[pid: 23746|app: 0|req: 3/5] 121.58.16.29 () {44 vars in 872 bytes} [Mon Jan 27 22:05:23 2020] GET /admin/ => generated 9561 bytes in 116 msecs (HTTP/1.1 200) 6 headers in 227 bytes (1 switches on core 0)
[pid: 23745|app: 0|req: 2/6] 180.163.220.4 () {42 vars in 907 bytes} [Mon Jan 27 22:05:26 2020] GET /admin => generated 0 bytes in 1 msecs (HTTP/1.1 301) 3 headers in 112 bytes (1 switches on core 0)
[pid: 23745|app: 0|req: 3/7] 180.163.220.4 () {42 vars in 909 bytes} [Mon Jan 27 22:05:26 2020] GET /admin/ => generated 0 bytes in 44 msecs (HTTP/1.1 302) 7 headers in 265 bytes (1 switches on core 0)
[pid: 23744|app: 0|req: 1/8] 180.163.220.4 () {48 vars in 993 bytes} [Mon Jan 27 22:05:26 2020] GET /admin => generated 0 bytes in 16 msecs (HTTP/1.1 301) 3 headers in 112 bytes (1 switches on core 0)
[pid: 23746|app: 0|req: 4/9] 180.163.220.4 () {48 vars in 995 bytes} [Mon Jan 27 22:05:26 2020] GET /admin/ => generated 0 bytes in 3 msecs (HTTP/1.1 302) 7 headers in 265 bytes (1 switches on core 0)
[pid: 23746|app: 0|req: 5/10] 180.163.220.4 () {48 vars in 1032 bytes} [Mon Jan 27 22:05:26 2020] GET /admin/login/?next=/admin/ => generated 1821 bytes in 114 msecs (HTTP/1.1 200) 7 headers in 395 bytes (1 switches on core 0)
[pid: 23746|app: 0|req: 6/11] 121.58.16.29 () {46 vars in 937 bytes} [Mon Jan 27 22:05:51 2020] GET /admin/blog/blog/ => generated 23829 bytes in 272 msecs (HTTP/1.1 200) 7 headers in 396 bytes (1 switches on core 0)
[pid: 23745|app: 0|req: 4/12] 121.58.16.29 () {46 vars in 926 bytes} [Mon Jan 27 22:05:51 2020] GET /admin/jsi18n/ => generated 7722 bytes in 12 msecs (HTTP/1.1 200) 4 headers in 132 bytes (1 switches on core 0)
[pid: 23744|app: 0|req: 2/13] 121.58.16.29 () {46 vars in 967 bytes} [Mon Jan 27 22:05:54 2020] GET /admin/blog/blog/43/change/ => generated 8750 bytes in 237 msecs (HTTP/1.1 200) 7 headers in 395 bytes (1 switches on core 0)
[pid: 23746|app: 0|req: 7/14] 121.58.16.29 () {46 vars in 936 bytes} [Mon Jan 27 22:05:54 2020] GET /admin/jsi18n/ => generated 7722 bytes in 7 msecs (HTTP/1.1 200) 4 headers in 132 bytes (1 switches on core 0)
[pid: 23746|app: 0|req: 8/15] 121.58.16.29 () {46 vars in 1060 bytes} [Mon Jan 27 22:06:04 2020] GET /ckeditorbrowse/?CKEditor=id_content&CKEditorFuncNum=1&langCode=zh-cn => generated 9064 bytes in 42 msecs (HTTP/1.1 200) 7 headers in 395 bytes (1 switches on core 0)
[pid: 23746|app: 0|req: 9/16] 42.236.10.117 () {42 vars in 925 bytes} [Mon Jan 27 22:06:07 2020] GET /ckeditorbrowse => generated 0 bytes in 1 msecs (HTTP/1.1 301) 3 headers in 121 bytes (1 switches on core 0)
[pid: 23744|app: 0|req: 3/17] 42.236.10.117 () {42 vars in 927 bytes} [Mon Jan 27 22:06:07 2020] GET /ckeditorbrowse/ => generated 0 bytes in 3 msecs (HTTP/1.1 302) 7 headers in 274 bytes (1 switches on core 0)
[pid: 23745|app: 0|req: 5/18] 42.236.10.117 () {42 vars in 964 bytes} [Mon Jan 27 22:06:07 2020] GET /admin/login/?next=/ckeditorbrowse/ => generated 1839 bytes in 13 msecs (HTTP/1.1 200) 7 headers in 395 bytes (1 switches on core 0)
[pid: 23746|app: 0|req: 10/19] 42.236.10.117 () {50 vars in 1100 bytes} [Mon Jan 27 22:06:07 2020] GET /ckeditorbrowse => generated 0 bytes in 1 msecs (HTTP/1.1 301) 3 headers in 121 bytes (1 switches on core 0)
[pid: 23746|app: 0|req: 11/20] 42.236.10.117 () {50 vars in 1102 bytes} [Mon Jan 27 22:06:07 2020] GET /ckeditorbrowse/ => generated 0 bytes in 1 msecs (HTTP/1.1 302) 7 headers in 274 bytes (1 switches on core 0)
[pid: 23743|app: 0|req: 2/21] 42.236.10.117 () {50 vars in 1139 bytes} [Mon Jan 27 22:06:07 2020] GET /admin/login/?next=/ckeditorbrowse/ => generated 1839 bytes in 81 msecs (HTTP/1.1 200) 7 headers in 395 bytes (1 switches on core 0)
[pid: 23746|app: 0|req: 12/22] 121.58.16.29 () {52 vars in 1195 bytes} [Mon Jan 27 22:06:32 2020] POST /ckeditorupload/ => generated 89 bytes in 14 msecs (HTTP/1.1 200) 4 headers in 114 bytes (2 switches on core 0)
[pid: 23746|app: 0|req: 13/23] 121.58.16.29 () {52 vars in 1178 bytes} [Mon Jan 27 22:07:15 2020] POST /admin/blog/blog/43/change/ => generated 0 bytes in 19 msecs (HTTP/1.1 302) 8 headers in 573 bytes (1 switches on core 0)
[pid: 23745|app: 0|req: 6/24] 121.58.16.29 () {48 vars in 1313 bytes} [Mon Jan 27 22:07:16 2020] GET /admin/blog/blog/ => generated 24026 bytes in 117 msecs (HTTP/1.1 200) 8 headers in 480 bytes (1 switches on core 0)
[pid: 23746|app: 0|req: 14/25] 121.58.16.29 () {46 vars in 980 bytes} [Mon Jan 27 22:07:16 2020] GET /admin/jsi18n/ => generated 7722 bytes in 6 msecs (HTTP/1.1 200) 4 headers in 132 bytes (1 switches on core 0)
使用了缓存
[pid: 23746|app: 0|req: 15/26] 121.58.16.29 () {44 vars in 914 bytes} [Mon Jan 27 22:07:25 2020] GET / => generated 6920 bytes in 21 msecs (HTTP/1.1 200) 5 headers in 292 bytes (1 switches on core 0)
[pid: 23745|app: 0|req: 7/27] 121.58.16.29 () {46 vars in 967 bytes} [Mon Jan 27 22:07:29 2020] GET /blog/43 => generated 16748 bytes in 24 msecs (HTTP/1.1 200) 6 headers in 333 bytes (1 switches on core 0)
[pid: 23746|app: 0|req: 16/28] 192.30.252.96 () {46 vars in 710 bytes} [Mon Jan 27 22:21:12 2020] POST / => generated 1357 bytes in 2 msecs (HTTP/1.1 403) 3 headers in 102 bytes (1 switches on core 0)
[pid: 23746|app: 0|req: 17/29] 121.58.16.29 () {46 vars in 1009 bytes} [Mon Jan 27 22:23:14 2020] GET /admin/blog/blog/add/ => generated 8326 bytes in 39 msecs (HTTP/1.1 200) 7 headers in 395 bytes (1 switches on core 0)
[pid: 23745|app: 0|req: 8/30] 121.58.16.29 () {46 vars in 984 bytes} [Mon Jan 27 22:23:15 2020] GET /admin/jsi18n/ => generated 7722 bytes in 6 msecs (HTTP/1.1 200) 4 headers in 132 bytes (1 switches on core 0)
[pid: 23746|app: 0|req: 18/31] 121.58.16.29 () {52 vars in 1185 bytes} [Mon Jan 27 22:23:57 2020] POST /ckeditorupload/ => generated 81 bytes in 21 msecs (HTTP/1.1 200) 4 headers in 114 bytes (3 switches on core 0)
[pid: 23746|app: 0|req: 19/32] 121.58.16.29 () {52 vars in 1160 bytes} [Mon Jan 27 22:26:08 2020] POST /admin/blog/blog/add/ => generated 8732 bytes in 26 msecs (HTTP/1.1 200) 7 headers in 395 bytes (1 switches on core 0)
[pid: 23745|app: 0|req: 9/33] 121.58.16.29 () {46 vars in 984 bytes} [Mon Jan 27 22:26:08 2020] GET /admin/jsi18n/ => generated 7722 bytes in 7 msecs (HTTP/1.1 200) 4 headers in 132 bytes (1 switches on core 0)
[pid: 23746|app: 0|req: 20/34] 121.58.16.29 () {52 vars in 1160 bytes} [Mon Jan 27 22:26:13 2020] POST /admin/blog/blog/add/ => generated 0 bytes in 20 msecs (HTTP/1.1 302) 8 headers in 587 bytes (1 switches on core 0)
[pid: 23745|app: 0|req: 10/35] 121.58.16.29 () {48 vars in 1321 bytes} [Mon Jan 27 22:26:14 2020] GET /admin/blog/blog/ => generated 24563 bytes in 89 msecs (HTTP/1.1 200) 8 headers in 480 bytes (1 switches on core 0)
[pid: 23746|app: 0|req: 21/36] 121.58.16.29 () {46 vars in 980 bytes} [Mon Jan 27 22:26:14 2020] GET /admin/jsi18n/ => generated 7722 bytes in 6 msecs (HTTP/1.1 200) 4 headers in 132 bytes (1 switches on core 0)
使用了缓存
[pid: 23746|app: 0|req: 22/37] 121.58.16.29 () {46 vars in 960 bytes} [Mon Jan 27 22:26:21 2020] GET / => generated 6920 bytes in 24 msecs (HTTP/1.1 200) 5 headers in 292 bytes (1 switches on core 0)
[pid: 23745|app: 0|req: 11/38] 121.58.16.29 () {46 vars in 963 bytes} [Mon Jan 27 22:26:25 2020] GET /blog/ => generated 15155 bytes in 45 msecs (HTTP/1.1 200) 5 headers in 293 bytes (1 switches on core 0)
[pid: 23746|app: 0|req: 23/39] 121.58.16.29 () {46 vars in 972 bytes} [Mon Jan 27 22:26:26 2020] GET /blog/44 => generated 16833 bytes in 56 msecs (HTTP/1.1 200) 6 headers in 333 bytes (1 switches on core 0)
